Using pre-set license
Built from '2020.2/staging' branch; Version is '2020.2.7f1 (c53830e277f1) revision 12924976'; Using compiler version '192528614'; Build Type 'Release'
OS: 'Windows 10 Home; OS build 19044.2130; Version 2009; 64bit' Language: 'en' Physical Memory: 16194 MB
BatchMode: 1, IsHumanControllingUs: 0, StartBugReporterOnCrash: 0, Is64bit: 1, IsPro: 0

 COMMAND LINE ARGUMENTS:
C:\Program Files\Unity\Hub\Editor\2020.2.7f1\Editor\Unity.exe
-adb2
-batchMode
-noUpm
-name
AssetImportWorker0
-projectPath
C:/Users/geraq/Desktop/michiAdventure/Assets
-logFile
Logs/AssetImportWorker0.log
-srvPort
56068
Successfully changed project path to: C:/Users/geraq/Desktop/michiAdventure/Assets
C:/Users/geraq/Desktop/michiAdventure/Assets
Using Asset Import Pipeline V2.
Refreshing native plugins compatible for Editor in 28.76 ms, found 0 plugins.
Preloading 0 native plugins for Editor in 0.00 ms.
Initialize engine version: 2020.2.7f1 (c53830e277f1)
[Subsystems] Discovering subsystems at path C:/Program Files/Unity/Hub/Editor/2020.2.7f1/Editor/Data/Resources/UnitySubsystems
[Subsystems] Discovering subsystems at path C:/Users/geraq/Desktop/michiAdventure/Assets/Assets
GfxDevice: creating device client; threaded=0
Direct3D:
    Version:  Direct3D 11.0 [level 11.1]
    Renderer: NVIDIA GeForce GTX 1660 Ti with Max-Q Design (ID=0x2191)
    Vendor:   
    VRAM:     5991 MB
    Driver:   30.0.15.1272
Initialize mono
Mono path[0] = 'C:/Program Files/Unity/Hub/Editor/2020.2.7f1/Editor/Data/Managed'
Mono path[1] = 'C:/Program Files/Unity/Hub/Editor/2020.2.7f1/Editor/Data/MonoBleedingEdge/lib/mono/unityjit'
Mono config path = 'C:/Program Files/Unity/Hub/Editor/2020.2.7f1/Editor/Data/MonoBleedingEdge/etc'
Using monoOptions --debugger-agent=transport=dt_socket,embedding=1,server=y,suspend=n,address=127.0.0.1:56244
Begin MonoManager ReloadAssembly
Registering precompiled unity dll's ...
Register platform support module: C:/Program Files/Unity/Hub/Editor/2020.2.7f1/Editor/Data/PlaybackEngines/WindowsStandaloneSupport/UnityEditor.WindowsStandalone.Extensions.dll
Registered in 0.003283 seconds.
Native extension for WindowsStandalone target not found
Refreshing native plugins compatible for Editor in 26.25 ms, found 0 plugins.
Preloading 0 native plugins for Editor in 0.00 ms.
Invoked RoslynAnalysisRunner static constructor.
RoslynAnalysisRunner will not be running.
RoslynAnalysisRunner has terminated.
Mono: successfully reloaded assembly
- Completed reload, in  1.454 seconds
Platform modules already initialized, skipping
Registering precompiled user dll's ...
Registered in 0.001082 seconds.
Begin MonoManager ReloadAssembly
Native extension for WindowsStandalone target not found
Refreshing native plugins compatible for Editor in 0.22 ms, found 0 plugins.
Preloading 0 native plugins for Editor in 0.00 ms.
Invoked RoslynAnalysisRunner static constructor.
RoslynAnalysisRunner will not be running.
RoslynAnalysisRunner has terminated.
Mono: successfully reloaded assembly
- Completed reload, in  1.057 seconds
Platform modules already initialized, skipping
========================================================================
Worker process is ready to serve import requests
Launched and connected shader compiler UnityShaderCompiler.exe after 0.07 seconds
Refreshing native plugins compatible for Editor in 0.40 ms, found 0 plugins.
Preloading 0 native plugins for Editor in 0.00 ms.
Unloading 1114 Unused Serialized files (Serialized files now loaded: 0)
System memory in use before: 56.8 MB.
System memory in use after: 56.9 MB.

Unloading 9 unused Assets to reduce memory usage. Loaded Objects now: 1557.
Total: 2.227200 ms (FindLiveObjects: 0.173000 ms CreateObjectMapping: 0.060300 ms MarkObjects: 1.918500 ms  DeleteObjects: 0.073800 ms)

========================================================================
Received Import Request.
  path: Assets/amusedART
  artifactKey: Guid(aad2ccdf70e22524b9eb4d4a0e648f84) Importer(815301076,1909f56bfc062723c751e8b465ee728b)
Start importing Assets/amusedART using Guid(aad2ccdf70e22524b9eb4d4a0e648f84) Importer(815301076,1909f56bfc062723c751e8b465ee728b)  -> (artifact id: 'e1f96f04d28aa0ddbaf1f9f42eb7a040') in 0.010319 seconds
  Import took 0.012709 seconds .

========================================================================
Received Import Request.
  Time since last request: 0.000259 seconds.
  path: Assets/amusedART/Mushroom_Monster/MushroomMon.FBX
  artifactKey: Guid(10a1e47d0d282414481a0b2a67c79333) Importer(815301076,1909f56bfc062723c751e8b465ee728b)
Start importing Assets/amusedART/Mushroom_Monster/MushroomMon.FBX using Guid(10a1e47d0d282414481a0b2a67c79333) Importer(815301076,1909f56bfc062723c751e8b465ee728b)  -> (artifact id: 'a9bd85765c7b65a5c9ecc68a6cc140db') in 0.680954 seconds
  Import took 0.683567 seconds .

========================================================================
Received Import Request.
  Time since last request: 0.000317 seconds.
  path: Assets/amusedART/Mushroom_Monster
  artifactKey: Guid(831698f7964c02c4f949f37d1731fe05) Importer(815301076,1909f56bfc062723c751e8b465ee728b)
Start importing Assets/amusedART/Mushroom_Monster using Guid(831698f7964c02c4f949f37d1731fe05) Importer(815301076,1909f56bfc062723c751e8b465ee728b)  -> (artifact id: 'a2025c61b64e2f3e05efeef3f18ec1ed') in 0.010900 seconds
  Import took 0.014150 seconds .

========================================================================
Received Import Request.
  Time since last request: 9.923452 seconds.
  path: Assets/Cartoon Cat
  artifactKey: Guid(997e9876cf3a64547a526b35e4f7fdd6) Importer(815301076,1909f56bfc062723c751e8b465ee728b)
Start importing Assets/Cartoon Cat using Guid(997e9876cf3a64547a526b35e4f7fdd6) Importer(815301076,1909f56bfc062723c751e8b465ee728b)  -> (artifact id: '4fff7469df71d6d860f4e268d28457f4') in 0.007552 seconds
  Import took 0.009922 seconds .

========================================================================
Received Prepare
Registering precompiled user dll's ...
Registered in 0.001108 seconds.
Begin MonoManager ReloadAssembly
Native extension for WindowsStandalone target not found
Refreshing native plugins compatible for Editor in 0.40 ms, found 0 plugins.
Preloading 0 native plugins for Editor in 0.00 ms.
Invoked RoslynAnalysisRunner static constructor.
RoslynAnalysisRunner will not be running.
RoslynAnalysisRunner has terminated.
Mono: successfully reloaded assembly
- Completed reload, in  1.276 seconds
Platform modules already initialized, skipping
Refreshing native plugins compatible for Editor in 0.27 ms, found 0 plugins.
Preloading 0 native plugins for Editor in 0.00 ms.
Unloading 1108 Unused Serialized files (Serialized files now loaded: 0)
System memory in use before: 60.1 MB.
System memory in use after: 60.2 MB.

Unloading 4 unused Assets to reduce memory usage. Loaded Objects now: 1571.
Total: 2.153200 ms (FindLiveObjects: 0.254100 ms CreateObjectMapping: 0.098600 ms MarkObjects: 1.777000 ms  DeleteObjects: 0.021800 ms)

AssetImportWorkerClient::OnTransportError - code=2 error=End of file
